<?xml version="1.0" encoding="UTF-8"?>
<!-- Generated by org.testng.reporters.JUnitXMLReporter -->
<testsuite hostname="DIN35005028" name="Default test" tests="1" failures="0" timestamp="15 Jul 2019 14:02:01 GMT" time="54.478" errors="0">
  <testcase name="@BeforeTest beforeTest" time="0.0" classname="example.NewTest">
    <failure type="org.openqa.selenium.WebDriverException" message="Failed to connect to binary FirefoxBinary(C:\Program Files\Mozilla Firefox\firefox.exe) on port 7055; process output follows: 
t&amp;quot;:[[]],&amp;quot;onMessage&amp;quot;:[[]]}}}}},&amp;quot;staged&amp;quot;:{},&amp;quot;path&amp;quot;:&amp;quot;C:\\Program Files\\Mozilla Firefox\\browser\\features&amp;quot;}}
1563199276062	addons.xpi	DEBUG	Ignoring file: name is not a valid add-on ID: C:\Users\kghaneka\AppData\Local\Temp\anonymous4824713782863076782webdriver-profile\extensions\webdriver-staging
1563199276063	addons.xpi	DEBUG	Existing add-on formautofill@mozilla.org in app-system-defaults
1563199276064	addons.xpi	DEBUG	Existing add-on fxmonitor@mozilla.org in app-system-defaults
1563199276064	addons.xpi	DEBUG	Existing add-on screenshots@mozilla.org in app-system-defaults
1563199276064	addons.xpi	DEBUG	Existing add-on webcompat-reporter@mozilla.org in app-system-defaults
1563199276065	addons.xpi	DEBUG	Existing add-on webcompat@mozilla.org in app-system-defaults
1563199276066	addons.xpi	DEBUG	scanForChanges changed: false, state: {}
1563199276067	addons.xpi	DEBUG	No changes found
1563199276070	addons.xpi	DEBUG	Loading bootstrap scope from jar:file:///C:/Program%20Files/Mozilla%20Firefox/browser/features/formautofill@mozilla.org.xpi!/
1563199276079	addons.xpi	DEBUG	Calling bootstrap method startup on formautofill@mozilla.org version 1.0
1563199276080	addons.xpi	DEBUG	Loading bootstrap scope from jar:file:///C:/Program%20Files/Mozilla%20Firefox/browser/features/fxmonitor@mozilla.org.xpi!/
1563199276080	addons.xpi	DEBUG	Calling bootstrap method startup on fxmonitor@mozilla.org version 3.0
1563199276080	addons.xpi	DEBUG	Loading bootstrap scope from jar:file:///C:/Program%20Files/Mozilla%20Firefox/browser/features/screenshots@mozilla.org.xpi!/
1563199276081	addons.xpi	DEBUG	Calling bootstrap method startup on screenshots@mozilla.org version 37.1.0
1563199276081	addons.xpi	DEBUG	Loading bootstrap scope from jar:file:///C:/Program%20Files/Mozilla%20Firefox/browser/features/webcompat@mozilla.org.xpi!/
1563199276081	addons.xpi	DEBUG	Calling bootstrap method startup on webcompat@mozilla.org version 4.0.0
1563199276082	addons.manager	DEBUG	Registering shutdown blocker for XPIProvider
1563199276082	addons.manager	DEBUG	Provider finished startup: XPIProvider
1563199276082	addons.manager	DEBUG	Starting provider: LightweightThemeManager
1563199276083	addons.manager	DEBUG	Registering shutdown blocker for LightweightThemeManager
1563199276083	addons.manager	DEBUG	Provider finished startup: LightweightThemeManager
1563199276083	addons.manager	DEBUG	Starting provider: GMPProvider
1563199276086	addons.manager	DEBUG	Registering shutdown blocker for GMPProvider
1563199276086	addons.manager	DEBUG	Provider finished startup: GMPProvider
1563199276087	addons.manager	DEBUG	Starting provider: PluginProvider
1563199276087	addons.manager	DEBUG	Registering shutdown blocker for PluginProvider
1563199276087	addons.manager	DEBUG	Provider finished startup: PluginProvider
1563199276090	addons.manager	DEBUG	Completed startup sequence
*** Blocklist::_loadFileInternal: blocklist is disabled
1563199277608	addons.xpi-utils	DEBUG	Starting async load of XPI database C:\Users\kghaneka\AppData\Local\Temp\anonymous4824713782863076782webdriver-profile\extensions.json
1563199277634	addons.xpi	DEBUG	Ignoring file: name is not a valid add-on ID: C:\Users\kghaneka\AppData\Local\Temp\anonymous4824713782863076782webdriver-profile\extensions\webdriver-staging
1563199277635	addons.xpi	DEBUG	Existing add-on formautofill@mozilla.org in app-system-defaults
1563199277635	addons.xpi	DEBUG	Existing add-on fxmonitor@mozilla.org in app-system-defaults
1563199277635	addons.xpi	DEBUG	Existing add-on screenshots@mozilla.org in app-system-defaults
1563199277635	addons.xpi	DEBUG	Existing add-on webcompat-reporter@mozilla.org in app-system-defaults
1563199277635	addons.xpi	DEBUG	Existing add-on webcompat@mozilla.org in app-system-defaults
1563199277636	addons.xpi	DEBUG	scanForChanges changed: false, state: {}
1563199277828	addons.xpi-utils	DEBUG	Finished async read of XPI database, parsing...
1563199277929	addons.xpi-utils	DEBUG	Successfully read XPI database
1563199278303	addons.manager	DEBUG	Registering upgrade listener for formautofill@mozilla.org

Build info: version: &amp;apos;2.45.0&amp;apos;, revision: &amp;apos;5017cb8e7ca8e37638dc3091b2440b90a1d8686f&amp;apos;, time: &amp;apos;2015-02-27 09:10:26&amp;apos;
System info: host: &amp;apos;DIN35005028&amp;apos;, ip: &amp;apos;10.237.19.161&amp;apos;, os.name: &amp;apos;Windows 10&amp;apos;, os.arch: &amp;apos;amd64&amp;apos;, os.version: &amp;apos;10.0&amp;apos;, java.version: &amp;apos;1.8.0_131&amp;apos;
Driver info: driver.version: FirefoxDriver">
      <![CDATA[org.openqa.selenium.WebDriverException: Failed to connect to binary FirefoxBinary(C:\Program Files\Mozilla Firefox\firefox.exe) on port 7055; process output follows: 
t":[[]],"onMessage":[[]]}}}}},"staged":{},"path":"C:\\Program Files\\Mozilla Firefox\\browser\\features"}}
1563199276062	addons.xpi	DEBUG	Ignoring file: name is not a valid add-on ID: C:\Users\kghaneka\AppData\Local\Temp\anonymous4824713782863076782webdriver-profile\extensions\webdriver-staging
1563199276063	addons.xpi	DEBUG	Existing add-on formautofill@mozilla.org in app-system-defaults
1563199276064	addons.xpi	DEBUG	Existing add-on fxmonitor@mozilla.org in app-system-defaults
1563199276064	addons.xpi	DEBUG	Existing add-on screenshots@mozilla.org in app-system-defaults
1563199276064	addons.xpi	DEBUG	Existing add-on webcompat-reporter@mozilla.org in app-system-defaults
1563199276065	addons.xpi	DEBUG	Existing add-on webcompat@mozilla.org in app-system-defaults
1563199276066	addons.xpi	DEBUG	scanForChanges changed: false, state: {}
1563199276067	addons.xpi	DEBUG	No changes found
1563199276070	addons.xpi	DEBUG	Loading bootstrap scope from jar:file:///C:/Program%20Files/Mozilla%20Firefox/browser/features/formautofill@mozilla.org.xpi!/
1563199276079	addons.xpi	DEBUG	Calling bootstrap method startup on formautofill@mozilla.org version 1.0
1563199276080	addons.xpi	DEBUG	Loading bootstrap scope from jar:file:///C:/Program%20Files/Mozilla%20Firefox/browser/features/fxmonitor@mozilla.org.xpi!/
1563199276080	addons.xpi	DEBUG	Calling bootstrap method startup on fxmonitor@mozilla.org version 3.0
1563199276080	addons.xpi	DEBUG	Loading bootstrap scope from jar:file:///C:/Program%20Files/Mozilla%20Firefox/browser/features/screenshots@mozilla.org.xpi!/
1563199276081	addons.xpi	DEBUG	Calling bootstrap method startup on screenshots@mozilla.org version 37.1.0
1563199276081	addons.xpi	DEBUG	Loading bootstrap scope from jar:file:///C:/Program%20Files/Mozilla%20Firefox/browser/features/webcompat@mozilla.org.xpi!/
1563199276081	addons.xpi	DEBUG	Calling bootstrap method startup on webcompat@mozilla.org version 4.0.0
1563199276082	addons.manager	DEBUG	Registering shutdown blocker for XPIProvider
1563199276082	addons.manager	DEBUG	Provider finished startup: XPIProvider
1563199276082	addons.manager	DEBUG	Starting provider: LightweightThemeManager
1563199276083	addons.manager	DEBUG	Registering shutdown blocker for LightweightThemeManager
1563199276083	addons.manager	DEBUG	Provider finished startup: LightweightThemeManager
1563199276083	addons.manager	DEBUG	Starting provider: GMPProvider
1563199276086	addons.manager	DEBUG	Registering shutdown blocker for GMPProvider
1563199276086	addons.manager	DEBUG	Provider finished startup: GMPProvider
1563199276087	addons.manager	DEBUG	Starting provider: PluginProvider
1563199276087	addons.manager	DEBUG	Registering shutdown blocker for PluginProvider
1563199276087	addons.manager	DEBUG	Provider finished startup: PluginProvider
1563199276090	addons.manager	DEBUG	Completed startup sequence
*** Blocklist::_loadFileInternal: blocklist is disabled
1563199277608	addons.xpi-utils	DEBUG	Starting async load of XPI database C:\Users\kghaneka\AppData\Local\Temp\anonymous4824713782863076782webdriver-profile\extensions.json
1563199277634	addons.xpi	DEBUG	Ignoring file: name is not a valid add-on ID: C:\Users\kghaneka\AppData\Local\Temp\anonymous4824713782863076782webdriver-profile\extensions\webdriver-staging
1563199277635	addons.xpi	DEBUG	Existing add-on formautofill@mozilla.org in app-system-defaults
1563199277635	addons.xpi	DEBUG	Existing add-on fxmonitor@mozilla.org in app-system-defaults
1563199277635	addons.xpi	DEBUG	Existing add-on screenshots@mozilla.org in app-system-defaults
1563199277635	addons.xpi	DEBUG	Existing add-on webcompat-reporter@mozilla.org in app-system-defaults
1563199277635	addons.xpi	DEBUG	Existing add-on webcompat@mozilla.org in app-system-defaults
1563199277636	addons.xpi	DEBUG	scanForChanges changed: false, state: {}
1563199277828	addons.xpi-utils	DEBUG	Finished async read of XPI database, parsing...
1563199277929	addons.xpi-utils	DEBUG	Successfully read XPI database
1563199278303	addons.manager	DEBUG	Registering upgrade listener for formautofill@mozilla.org

Build info: version: '2.45.0', revision: '5017cb8e7ca8e37638dc3091b2440b90a1d8686f', time: '2015-02-27 09:10:26'
System info: host: 'DIN35005028', ip: '10.237.19.161', os.name: 'Windows 10', os.arch: 'amd64', os.version: '10.0', java.version: '1.8.0_131'
Driver info: driver.version: FirefoxDriver
	at org.openqa.selenium.firefox.internal.NewProfileExtensionConnection.start(NewProfileExtensionConnection.java:130)
	at org.openqa.selenium.firefox.FirefoxDriver.startClient(FirefoxDriver.java:246)
	at org.openqa.selenium.remote.RemoteWebDriver.<init>(RemoteWebDriver.java:114)
	at org.openqa.selenium.firefox.FirefoxDriver.<init>(FirefoxDriver.java:191)
	at org.openqa.selenium.firefox.FirefoxDriver.<init>(FirefoxDriver.java:186)
	at org.openqa.selenium.firefox.FirefoxDriver.<init>(FirefoxDriver.java:182)
	at org.openqa.selenium.firefox.FirefoxDriver.<init>(FirefoxDriver.java:95)
	at example.NewTest.beforeTest(NewTest.java:20)
	at sun.reflect.NativeMethodAccessorImpl.invoke0(Native Method)
	at sun.reflect.NativeMethodAccessorImpl.invoke(NativeMethodAccessorImpl.java:62)
	at sun.reflect.DelegatingMethodAccessorImpl.invoke(DelegatingMethodAccessorImpl.java:43)
	at java.lang.reflect.Method.invoke(Method.java:498)
	at org.testng.internal.MethodInvocationHelper.invokeMethod(MethodInvocationHelper.java:80)
	at org.testng.internal.Invoker.invokeConfigurationMethod(Invoker.java:564)
	at org.testng.internal.Invoker.invokeConfigurations(Invoker.java:213)
	at org.testng.internal.Invoker.invokeConfigurations(Invoker.java:138)
	at org.testng.TestRunner.beforeRun(TestRunner.java:641)
	at org.testng.TestRunner.run(TestRunner.java:609)
	at org.testng.SuiteRunner.runTest(SuiteRunner.java:334)
	at org.testng.SuiteRunner.runSequentially(SuiteRunner.java:329)
	at org.testng.SuiteRunner.privateRun(SuiteRunner.java:291)
	at org.testng.SuiteRunner.run(SuiteRunner.java:240)
	at org.testng.SuiteRunnerWorker.runSuite(SuiteRunnerWorker.java:52)
	at org.testng.SuiteRunnerWorker.run(SuiteRunnerWorker.java:86)
	at org.testng.TestNG.runSuitesSequentially(TestNG.java:1198)
	at org.testng.TestNG.runSuitesLocally(TestNG.java:1123)
	at org.testng.TestNG.run(TestNG.java:1031)
	at org.testng.remote.RemoteTestNG.run(RemoteTestNG.java:115)
	at org.testng.remote.RemoteTestNG.initAndRun(RemoteTestNG.java:207)
	at org.testng.remote.RemoteTestNG.main(RemoteTestNG.java:178)
Caused by: org.openqa.selenium.firefox.NotConnectedException: Unable to connect to host 127.0.0.1 on port 7055 after 45000 ms. Firefox console output:
t":[[]],"onMessage":[[]]}}}}},"staged":{},"path":"C:\\Program Files\\Mozilla Firefox\\browser\\features"}}
1563199276062	addons.xpi	DEBUG	Ignoring file: name is not a valid add-on ID: C:\Users\kghaneka\AppData\Local\Temp\anonymous4824713782863076782webdriver-profile\extensions\webdriver-staging
1563199276063	addons.xpi	DEBUG	Existing add-on formautofill@mozilla.org in app-system-defaults
1563199276064	addons.xpi	DEBUG	Existing add-on fxmonitor@mozilla.org in app-system-defaults
1563199276064	addons.xpi	DEBUG	Existing add-on screenshots@mozilla.org in app-system-defaults
1563199276064	addons.xpi	DEBUG	Existing add-on webcompat-reporter@mozilla.org in app-system-defaults
1563199276065	addons.xpi	DEBUG	Existing add-on webcompat@mozilla.org in app-system-defaults
1563199276066	addons.xpi	DEBUG	scanForChanges changed: false, state: {}
1563199276067	addons.xpi	DEBUG	No changes found
1563199276070	addons.xpi	DEBUG	Loading bootstrap scope from jar:file:///C:/Program%20Files/Mozilla%20Firefox/browser/features/formautofill@mozilla.org.xpi!/
1563199276079	addons.xpi	DEBUG	Calling bootstrap method startup on formautofill@mozilla.org version 1.0
1563199276080	addons.xpi	DEBUG	Loading bootstrap scope from jar:file:///C:/Program%20Files/Mozilla%20Firefox/browser/features/fxmonitor@mozilla.org.xpi!/
1563199276080	addons.xpi	DEBUG	Calling bootstrap method startup on fxmonitor@mozilla.org version 3.0
1563199276080	addons.xpi	DEBUG	Loading bootstrap scope from jar:file:///C:/Program%20Files/Mozilla%20Firefox/browser/features/screenshots@mozilla.org.xpi!/
1563199276081	addons.xpi	DEBUG	Calling bootstrap method startup on screenshots@mozilla.org version 37.1.0
1563199276081	addons.xpi	DEBUG	Loading bootstrap scope from jar:file:///C:/Program%20Files/Mozilla%20Firefox/browser/features/webcompat@mozilla.org.xpi!/
1563199276081	addons.xpi	DEBUG	Calling bootstrap method startup on webcompat@mozilla.org version 4.0.0
1563199276082	addons.manager	DEBUG	Registering shutdown blocker for XPIProvider
1563199276082	addons.manager	DEBUG	Provider finished startup: XPIProvider
1563199276082	addons.manager	DEBUG	Starting provider: LightweightThemeManager
1563199276083	addons.manager	DEBUG	Registering shutdown blocker for LightweightThemeManager
1563199276083	addons.manager	DEBUG	Provider finished startup: LightweightThemeManager
1563199276083	addons.manager	DEBUG	Starting provider: GMPProvider
1563199276086	addons.manager	DEBUG	Registering shutdown blocker for GMPProvider
1563199276086	addons.manager	DEBUG	Provider finished startup: GMPProvider
1563199276087	addons.manager	DEBUG	Starting provider: PluginProvider
1563199276087	addons.manager	DEBUG	Registering shutdown blocker for PluginProvider
1563199276087	addons.manager	DEBUG	Provider finished startup: PluginProvider
1563199276090	addons.manager	DEBUG	Completed startup sequence
*** Blocklist::_loadFileInternal: blocklist is disabled
1563199277608	addons.xpi-utils	DEBUG	Starting async load of XPI database C:\Users\kghaneka\AppData\Local\Temp\anonymous4824713782863076782webdriver-profile\extensions.json
1563199277634	addons.xpi	DEBUG	Ignoring file: name is not a valid add-on ID: C:\Users\kghaneka\AppData\Local\Temp\anonymous4824713782863076782webdriver-profile\extensions\webdriver-staging
1563199277635	addons.xpi	DEBUG	Existing add-on formautofill@mozilla.org in app-system-defaults
1563199277635	addons.xpi	DEBUG	Existing add-on fxmonitor@mozilla.org in app-system-defaults
1563199277635	addons.xpi	DEBUG	Existing add-on screenshots@mozilla.org in app-system-defaults
1563199277635	addons.xpi	DEBUG	Existing add-on webcompat-reporter@mozilla.org in app-system-defaults
1563199277635	addons.xpi	DEBUG	Existing add-on webcompat@mozilla.org in app-system-defaults
1563199277636	addons.xpi	DEBUG	scanForChanges changed: false, state: {}
1563199277828	addons.xpi-utils	DEBUG	Finished async read of XPI database, parsing...
1563199277929	addons.xpi-utils	DEBUG	Successfully read XPI database
1563199278303	addons.manager	DEBUG	Registering upgrade listener for formautofill@mozilla.org

	at org.openqa.selenium.firefox.internal.NewProfileExtensionConnection.start(NewProfileExtensionConnection.java:118)
	... 29 more
]]>
    </failure>
  </testcase> <!-- @BeforeTest beforeTest -->
  <testcase name="@AfterTest afterTest" time="0.0" classname="example.NewTest">
    <skipped/>
  </testcase> <!-- @AfterTest afterTest -->
  <testcase name="testEasy" time="0.002" classname="example.NewTest">
    <skipped/>
  </testcase> <!-- testEasy -->
</testsuite> <!-- Default test -->
