<?xml version="1.0" encoding="UTF-8"?>
<!-- Generated by org.testng.reporters.JUnitXMLReporter -->
<testsuite hostname="DIN35005028" name="Test" tests="1" failures="1" timestamp="15 Jul 2019 14:33:49 GMT" time="18.469" errors="0">
  <testcase name="testEasy" time="0.162" classname="example.NewTest">
    <failure type="java.lang.AssertionError" message="expected [true] but found [false]">
      <![CDATA[java.lang.AssertionError: expected [true] but found [false]
	at example.NewTest.testEasy(NewTest.java:21)
... Removed 28 stack frames]]>
    </failure>
  </testcase> <!-- testEasy -->
</testsuite> <!-- Test -->
